#
# There is insufficient memory for the Java Runtime Environment to continue.
# Native memory allocation (malloc) failed to allocate 1221056 bytes for Chunk::new
# Possible reasons:
#   The system is out of physical RAM or swap space
#   In 32 bit mode, the process size limit was hit
# Possible solutions:
#   Reduce memory load on the system
#   Increase physical memory or swap space
#   Check if swap backing store is full
#   Use 64 bit Java on a 64 bit OS
#   Decrease Java heap size (-Xmx/-Xms)
#   Decrease number of Java threads
#   Decrease Java thread stack sizes (-Xss)
#   Set larger code cache with -XX:ReservedCodeCacheSize=
# This output file may be truncated or incomplete.
#
#  Out of Memory Error (allocation.cpp:390), pid=5160, tid=16640
#
# JRE version: Java(TM) SE Runtime Environment (8.0_45-b15) (build 1.8.0_45-b15)
# Java VM: Java HotSpot(TM) 64-Bit Server VM (25.45-b02 mixed mode windows-amd64 compressed oops)
# Failed to write core dump. Minidumps are not enabled by default on client versions of Windows
#

---------------  T H R E A D  ---------------

Current thread (0x0000000015036800):  JavaThread "C2 CompilerThread1" daemon [_thread_in_native, id=16640, stack(0x0000000016650000,0x0000000016750000)]

Stack: [0x0000000016650000,0x0000000016750000]
Native frames: (J=compiled Java code, j=interpreted, Vv=VM code, C=native code)
V  [jvm.dll+0x32b57a]
V  [jvm.dll+0x279873]
V  [jvm.dll+0x27a509]
V  [jvm.dll+0x271825]
V  [jvm.dll+0xcb9e2]
V  [jvm.dll+0xcbeac]
V  [jvm.dll+0x476ef2]
V  [jvm.dll+0x4b955f]
V  [jvm.dll+0x46bf81]
V  [jvm.dll+0x46ccbe]
V  [jvm.dll+0x4500f2]
V  [jvm.dll+0xa4352]
V  [jvm.dll+0xa4c8f]
V  [jvm.dll+0x241984]
V  [jvm.dll+0x29853a]
C  [msvcr100.dll+0x21d9f]
C  [msvcr100.dll+0x21e3b]
C  [KERNEL32.DLL+0x13d2]
C  [ntdll.dll+0x154f4]


Current CompileTask:
C2:   9240 2333       4       com.android.dx.dex.code.OutputFinisher::addConstants (93 bytes)


---------------  P R O C E S S  ---------------

Java Threads: ( => current thread )
  0x00000000168cb800 JavaThread "Service Thread" daemon [_thread_blocked, id=14640, stack(0x0000000016c50000,0x0000000016d50000)]
  0x0000000015039800 JavaThread "C1 CompilerThread2" daemon [_thread_blocked, id=11552, stack(0x0000000016750000,0x0000000016850000)]
=>0x0000000015036800 JavaThread "C2 CompilerThread1" daemon [_thread_in_native, id=16640, stack(0x0000000016650000,0x0000000016750000)]
  0x000000001502c000 JavaThread "C2 CompilerThread0" daemon [_thread_in_native, id=17380, stack(0x0000000016550000,0x0000000016650000)]
  0x0000000015029800 JavaThread "Attach Listener" daemon [_thread_blocked, id=12508, stack(0x0000000016450000,0x0000000016550000)]
  0x0000000015028800 JavaThread "Signal Dispatcher" daemon [_thread_blocked, id=18240, stack(0x0000000016350000,0x0000000016450000)]
  0x0000000014fa9000 JavaThread "Finalizer" daemon [_thread_blocked, id=16872, stack(0x0000000016230000,0x0000000016330000)]
  0x00000000028e0800 JavaThread "Reference Handler" daemon [_thread_blocked, id=4280, stack(0x0000000016130000,0x0000000016230000)]
  0x00000000026ce000 JavaThread "main" [_thread_in_Java, id=7936, stack(0x00000000026d0000,0x00000000027d0000)]

Other Threads:
  0x0000000014fa7800 VMThread [stack: 0x0000000016030000,0x0000000016130000] [id=17364]
  0x00000000168d5000 WatcherThread [stack: 0x0000000016d50000,0x0000000016e50000] [id=8872]

VM state:not at safepoint (normal execution)

VM Mutex/Monitor currently owned by a thread: None

Heap:
 PSYoungGen      total 71680K, used 53268K [0x00000000eab00000, 0x00000000f3c00000, 0x0000000100000000)
  eden space 66560K, 72% used [0x00000000eab00000,0x00000000eda07de0,0x00000000eec00000)
  from space 5120K, 99% used [0x00000000eec00000,0x00000000ef0fd318,0x00000000ef100000)
  to   space 20992K, 0% used [0x00000000f2780000,0x00000000f2780000,0x00000000f3c00000)
 ParOldGen       total 87552K, used 65372K [0x00000000c0000000, 0x00000000c5580000, 0x00000000eab00000)
  object space 87552K, 74% used [0x00000000c0000000,0x00000000c3fd7148,0x00000000c5580000)
 Metaspace       used 6724K, capacity 7384K, committed 7680K, reserved 1056768K
  class space    used 632K, capacity 656K, committed 768K, reserved 1048576K

Card table byte_map: [0x0000000011cb0000,0x0000000011ec0000] byte_map_base: 0x00000000116b0000

Marking Bits: (ParMarkBitMap*) 0x0000000064454040
 Begin Bits: [0x0000000012420000, 0x0000000013420000)
 End Bits:   [0x0000000013420000, 0x0000000014420000)

Polling page: 0x0000000002690000

CodeCache: size=245760Kb used=9491Kb max_used=9502Kb free=236268Kb
 bounds [0x00000000028f0000, 0x0000000003240000, 0x00000000118f0000]
 total_blobs=2534 nmethods=2264 adapters=182
 compilation: enabled

Compilation events (10 events):
Event: 9.156 Thread 0x0000000015039800 2368       2       com.android.dx.dex.file.MethodIdItem::addContents (23 bytes)
Event: 9.156 Thread 0x0000000015039800 nmethod 2368 0x00000000032105d0 code [0x0000000003210760, 0x0000000003210a38]
Event: 9.157 Thread 0x0000000015039800 2369  s    2       com.android.dx.dex.file.ProtoIdsSection::intern (55 bytes)
Event: 9.158 Thread 0x0000000015039800 nmethod 2369 0x000000000320fb50 code [0x000000000320fd00, 0x0000000003210268]
Event: 9.159 Thread 0x0000000015039800 2370       2       java.lang.StringBuilder::<init> (6 bytes)
Event: 9.159 Thread 0x0000000015039800 nmethod 2370 0x000000000320f750 code [0x000000000320f8a0, 0x000000000320fa90]
Event: 9.159 Thread 0x0000000015039800 2371       2       com.android.dx.dex.file.ProtoIdItem::makeShortForm (74 bytes)
Event: 9.160 Thread 0x0000000015039800 nmethod 2371 0x000000000320c150 code [0x000000000320c340, 0x000000000320ca48]
Event: 9.161 Thread 0x0000000015039800 2372       2       com.android.dx.dex.file.ProtoIdItem::<init> (60 bytes)
Event: 9.162 Thread 0x0000000015039800 nmethod 2372 0x000000000320ba50 code [0x000000000320bbe0, 0x000000000320bf68]

GC Heap History (10 events):
Event: 5.979 GC heap before
{Heap before GC invocations=5 (full 0):
 PSYoungGen      total 71680K, used 71675K [0x00000000eab00000, 0x00000000ef600000, 0x0000000100000000)
  eden space 66560K, 100% used [0x00000000eab00000,0x00000000eec00000,0x00000000eec00000)
  from space 5120K, 99% used [0x00000000ef100000,0x00000000ef5fef80,0x00000000ef600000)
  to   space 5120K, 0% used [0x00000000eec00000,0x00000000eec00000,0x00000000ef100000)
 ParOldGen       total 87552K, used 14841K [0x00000000c0000000, 0x00000000c5580000, 0x00000000eab00000)
  object space 87552K, 16% used [0x00000000c0000000,0x00000000c0e7e510,0x00000000c5580000)
 Metaspace       used 6395K, capacity 7216K, committed 7296K, reserved 1056768K
  class space    used 597K, capacity 616K, committed 640K, reserved 1048576K
Event: 6.062 GC heap after
Heap after GC invocations=5 (full 0):
 PSYoungGen      total 71680K, used 5116K [0x00000000eab00000, 0x00000000ef600000, 0x0000000100000000)
  eden space 66560K, 0% used [0x00000000eab00000,0x00000000eab00000,0x00000000eec00000)
  from space 5120K, 99% used [0x00000000eec00000,0x00000000ef0ff318,0x00000000ef100000)
  to   space 5120K, 0% used [0x00000000ef100000,0x00000000ef100000,0x00000000ef600000)
 ParOldGen       total 87552K, used 24943K [0x00000000c0000000, 0x00000000c5580000, 0x00000000eab00000)
  object space 87552K, 28% used [0x00000000c0000000,0x00000000c185beb8,0x00000000c5580000)
 Metaspace       used 6395K, capacity 7216K, committed 7296K, reserved 1056768K
  class space    used 597K, capacity 616K, committed 640K, reserved 1048576K
}
Event: 6.842 GC heap before
{Heap before GC invocations=6 (full 0):
 PSYoungGen      total 71680K, used 71676K [0x00000000eab00000, 0x00000000ef600000, 0x0000000100000000)
  eden space 66560K, 100% used [0x00000000eab00000,0x00000000eec00000,0x00000000eec00000)
  from space 5120K, 99% used [0x00000000eec00000,0x00000000ef0ff318,0x00000000ef100000)
  to   space 5120K, 0% used [0x00000000ef100000,0x00000000ef100000,0x00000000ef600000)
 ParOldGen       total 87552K, used 24943K [0x00000000c0000000, 0x00000000c5580000, 0x00000000eab00000)
  object space 87552K, 28% used [0x00000000c0000000,0x00000000c185beb8,0x00000000c5580000)
 Metaspace       used 6418K, capacity 7216K, committed 7296K, reserved 1056768K
  class space    used 597K, capacity 616K, committed 640K, reserved 1048576K
Event: 6.882 GC heap after
Heap after GC invocations=6 (full 0):
 PSYoungGen      total 71680K, used 5106K [0x00000000eab00000, 0x00000000ef600000, 0x0000000100000000)
  eden space 66560K, 0% used [0x00000000eab00000,0x00000000eab00000,0x00000000eec00000)
  from space 5120K, 99% used [0x00000000ef100000,0x00000000ef5fc840,0x00000000ef600000)
  to   space 5120K, 0% used [0x00000000eec00000,0x00000000eec00000,0x00000000ef100000)
 ParOldGen       total 87552K, used 35469K [0x00000000c0000000, 0x00000000c5580000, 0x00000000eab00000)
  object space 87552K, 40% used [0x00000000c0000000,0x00000000c22a35f0,0x00000000c5580000)
 Metaspace       used 6418K, capacity 7216K, committed 7296K, reserved 1056768K
  class space    used 597K, capacity 616K, committed 640K, reserved 1048576K
}
Event: 7.283 GC heap before
{Heap before GC invocations=7 (full 0):
 PSYoungGen      total 71680K, used 71666K [0x00000000eab00000, 0x00000000ef600000, 0x0000000100000000)
  eden space 66560K, 100% used [0x00000000eab00000,0x00000000eec00000,0x00000000eec00000)
  from space 5120K, 99% used [0x00000000ef100000,0x00000000ef5fc840,0x00000000ef600000)
  to   space 5120K, 0% used [0x00000000eec00000,0x00000000eec00000,0x00000000ef100000)
 ParOldGen       total 87552K, used 35469K [0x00000000c0000000, 0x00000000c5580000, 0x00000000eab00000)
  object space 87552K, 40% used [0x00000000c0000000,0x00000000c22a35f0,0x00000000c5580000)
 Metaspace       used 6519K, capacity 7256K, committed 7424K, reserved 1056768K
  class space    used 617K, capacity 656K, committed 768K, reserved 1048576K
Event: 7.333 GC heap after
Heap after GC invocations=7 (full 0):
 PSYoungGen      total 71680K, used 5095K [0x00000000eab00000, 0x00000000ef600000, 0x0000000100000000)
  eden space 66560K, 0% used [0x00000000eab00000,0x00000000eab00000,0x00000000eec00000)
  from space 5120K, 99% used [0x00000000eec00000,0x00000000ef0f9db8,0x00000000ef100000)
  to   space 5120K, 0% used [0x00000000ef100000,0x00000000ef100000,0x00000000ef600000)
 ParOldGen       total 87552K, used 46150K [0x00000000c0000000, 0x00000000c5580000, 0x00000000eab00000)
  object space 87552K, 52% used [0x00000000c0000000,0x00000000c2d11848,0x00000000c5580000)
 Metaspace       used 6519K, capacity 7256K, committed 7424K, reserved 1056768K
  class space    used 617K, capacity 656K, committed 768K, reserved 1048576K
}
Event: 7.674 GC heap before
{Heap before GC invocations=8 (full 0):
 PSYoungGen      total 71680K, used 71655K [0x00000000eab00000, 0x00000000ef600000, 0x0000000100000000)
  eden space 66560K, 100% used [0x00000000eab00000,0x00000000eec00000,0x00000000eec00000)
  from space 5120K, 99% used [0x00000000eec00000,0x00000000ef0f9db8,0x00000000ef100000)
  to   space 5120K, 0% used [0x00000000ef100000,0x00000000ef100000,0x00000000ef600000)
 ParOldGen       total 87552K, used 46150K [0x00000000c0000000, 0x00000000c5580000, 0x00000000eab00000)
  object space 87552K, 52% used [0x00000000c0000000,0x00000000c2d11848,0x00000000c5580000)
 Metaspace       used 6524K, capacity 7256K, committed 7424K, reserved 1056768K
  class space    used 617K, capacity 656K, committed 768K, reserved 1048576K
Event: 7.801 GC heap after
Heap after GC invocations=8 (full 0):
 PSYoungGen      total 71680K, used 5098K [0x00000000eab00000, 0x00000000ef600000, 0x0000000100000000)
  eden space 66560K, 0% used [0x00000000eab00000,0x00000000eab00000,0x00000000eec00000)
  from space 5120K, 99% used [0x00000000ef100000,0x00000000ef5fa920,0x00000000ef600000)
  to   space 5120K, 0% used [0x00000000eec00000,0x00000000eec00000,0x00000000ef100000)
 ParOldGen       total 87552K, used 54924K [0x00000000c0000000, 0x00000000c5580000, 0x00000000eab00000)
  object space 87552K, 62% used [0x00000000c0000000,0x00000000c35a3018,0x00000000c5580000)
 Metaspace       used 6524K, capacity 7256K, committed 7424K, reserved 1056768K
  class space    used 617K, capacity 656K, committed 768K, reserved 1048576K
}
Event: 8.523 GC heap before
{Heap before GC invocations=9 (full 0):
 PSYoungGen      total 71680K, used 71658K [0x00000000eab00000, 0x00000000ef600000, 0x0000000100000000)
  eden space 66560K, 100% used [0x00000000eab00000,0x00000000eec00000,0x00000000eec00000)
  from space 5120K, 99% used [0x00000000ef100000,0x00000000ef5fa920,0x00000000ef600000)
  to   space 5120K, 0% used [0x00000000eec00000,0x00000000eec00000,0x00000000ef100000)
 ParOldGen       total 87552K, used 54924K [0x00000000c0000000, 0x00000000c5580000, 0x00000000eab00000)
  object space 87552K, 62% used [0x00000000c0000000,0x00000000c35a3018,0x00000000c5580000)
 Metaspace       used 6532K, capacity 7256K, committed 7424K, reserved 1056768K
  class space    used 617K, capacity 656K, committed 768K, reserved 1048576K
Event: 8.558 GC heap after
Heap after GC invocations=9 (full 0):
 PSYoungGen      total 71680K, used 5108K [0x00000000eab00000, 0x00000000f3c00000, 0x0000000100000000)
  eden space 66560K, 0% used [0x00000000eab00000,0x00000000eab00000,0x00000000eec00000)
  from space 5120K, 99% used [0x00000000eec00000,0x00000000ef0fd318,0x00000000ef100000)
  to   space 20992K, 0% used [0x00000000f2780000,0x00000000f2780000,0x00000000f3c00000)
 ParOldGen       total 87552K, used 65372K [0x00000000c0000000, 0x00000000c5580000, 0x00000000eab00000)
  object space 87552K, 74% used [0x00000000c0000000,0x00000000c3fd7148,0x00000000c5580000)
 Metaspace       used 6532K, capacity 7256K, committed 7424K, reserved 1056768K
  class space    used 617K, capacity 656K, committed 768K, reserved 1048576K
}

Deoptimization events (10 events):
Event: 7.115 Thread 0x0000000016b52800 Uncommon trap: reason=unstable_if action=reinterpret pc=0x0000000002e7ea8c method=java.util.HashMap.putVal(ILjava/lang/Object;Ljava/lang/Object;ZZ)Ljava/lang/Object; @ 162
Event: 7.177 Thread 0x0000000016b89000 Uncommon trap: reason=unstable_if action=reinterpret pc=0x0000000002f19198 method=java.util.HashMap.getNode(ILjava/lang/Object;)Ljava/util/HashMap$Node; @ 84
Event: 7.339 Thread 0x0000000016b52800 Uncommon trap: reason=unstable_if action=reinterpret pc=0x000000000306d0d4 method=java.util.HashMap.putVal(ILjava/lang/Object;Ljava/lang/Object;ZZ)Ljava/lang/Object; @ 109
Event: 7.939 Thread 0x0000000016b81800 Uncommon trap: reason=unstable_if action=reinterpret pc=0x0000000003151548 method=com.android.dx.cf.code.BytecodeArray.parseInstruction(ILcom/android/dx/cf/code/BytecodeArray$Visitor;)I @ 1261
Event: 8.726 Thread 0x0000000016b52800 Uncommon trap: reason=unstable_if action=reinterpret pc=0x000000000306ab98 method=java.util.HashMap.resize()[Ljava/util/HashMap$Node; @ 206
Event: 8.774 Thread 0x00000000026ce000 Uncommon trap: reason=class_check action=maybe_recompile pc=0x0000000002e87048 method=java.util.Arrays.hashCode([Ljava/lang/Object;)I @ 43
Event: 8.774 Thread 0x00000000026ce000 Uncommon trap: reason=class_check action=maybe_recompile pc=0x0000000002e87048 method=java.util.Arrays.hashCode([Ljava/lang/Object;)I @ 43
Event: 8.774 Thread 0x00000000026ce000 Uncommon trap: reason=class_check action=maybe_recompile pc=0x0000000002e87048 method=java.util.Arrays.hashCode([Ljava/lang/Object;)I @ 43
Event: 8.774 Thread 0x00000000026ce000 Uncommon trap: reason=class_check action=maybe_recompile pc=0x0000000002e87048 method=java.util.Arrays.hashCode([Ljava/lang/Object;)I @ 43
Event: 8.775 Thread 0x00000000026ce000 Uncommon trap: reason=class_check action=maybe_recompile pc=0x0000000002e80d28 method=java.util.Arrays.hashCode([Ljava/lang/Object;)I @ 43

Internal exceptions (7 events):
Event: 0.089 Thread 0x00000000026ce000 Exception <a 'java/lang/NoSuchMethodError': Method sun.misc.Unsafe.defineClass(Ljava/lang/String;[BII)Ljava/lang/Class; name or signature does not match> (0x00000000eab12f40) thrown at [C:\re\workspace\8-2-build-windows-amd64-cygwin\jdk8u45\3627\hotspot\sr_ëèƒJæ∂?
Event: 0.089 Thread 0x00000000026ce000 Exception <a 'java/lang/NoSuchMethodError': Method sun.misc.Unsafe.prefetchRead(Ljava/lang/Object;J)V name or signature does not match> (0x00000000eab131d0) thrown at [C:\re\workspace\8-2-build-windows-amd64-cygwin\jdk8u45\3627\hotspot\src\share\vm\prims\jì⁄|¬œ@
Event: 6.530 Thread 0x0000000016b89000 Implicit null exception at 0x0000000002fb4056 to 0x0000000002fb5a59
Event: 6.535 Thread 0x0000000016b84000 Implicit null exception at 0x0000000003086b60 to 0x000000000308b665
Event: 7.117 Thread 0x0000000016b52800 Exception <a 'java/lang/ArrayIndexOutOfBoundsException': 18> (0x00000000ed2f3798) thrown at [C:\re\workspace\8-2-build-windows-amd64-cygwin\jdk8u45\3627\hotspot\src\share\vm\interpreter\interpreterRuntime.cpp, line 366]
Event: 7.118 Thread 0x0000000016b52800 Exception <a 'java/lang/ArrayIndexOutOfBoundsException': 145> (0x00000000ed2f5268) thrown at [C:\re\workspace\8-2-build-windows-amd64-cygwin\jdk8u45\3627\hotspot\src\share\vm\interpreter\interpreterRuntime.cpp, line 366]
Event: 7.119 Thread 0x0000000016b52800 Exception <a 'java/lang/ArrayIndexOutOfBoundsException'> (0x00000000ed2f64a0) thrown at [C:\re\workspace\8-2-build-windows-amd64-cygwin\jdk8u45\3627\hotspot\src\share\vm\runtime\sharedRuntime.cpp, line 605]

Events (10 events):
Event: 8.831 Thread 0x00000000026ce000 DEOPT PACKING pc=0x00000000031de4d8 sp=0x00000000027cee60
Event: 8.831 Thread 0x00000000026ce000 DEOPT UNPACKING pc=0x000000000293787f sp=0x00000000027cec08 mode 0
Event: 8.856 Thread 0x00000000026ce000 DEOPT PACKING pc=0x00000000031e1704 sp=0x00000000027cef70
Event: 8.857 Thread 0x00000000026ce000 DEOPT UNPACKING pc=0x000000000293787f sp=0x00000000027cecc0 mode 0
Event: 8.878 Thread 0x00000000026ce000 DEOPT PACKING pc=0x00000000031e2388 sp=0x00000000027cf000
Event: 8.878 Thread 0x00000000026ce000 DEOPT UNPACKING pc=0x000000000293787f sp=0x00000000027ced80 mode 0
Event: 8.880 Thread 0x00000000026ce000 DEOPT PACKING pc=0x0000000002eca105 sp=0x00000000027cef40
Event: 8.880 Thread 0x00000000026ce000 DEOPT UNPACKING pc=0x000000000293787f sp=0x00000000027cec70 mode 0
Event: 9.152 loading class com/android/dx/dex/file/ProtoIdItem
Event: 9.152 loading class com/android/dx/dex/file/ProtoIdItem done


Dynamic libraries:
0x00007ff747460000 - 0x00007ff747497000 	C:\Program Files\Java\jdk8\bin\java.exe
0x00007ffb76830000 - 0x00007ffb769dd000 	C:\windows\SYSTEM32\ntdll.dll
0x00007ffb74f70000 - 0x00007ffb750ae000 	C:\windows\system32\KERNEL32.DLL
0x00007ffb73da0000 - 0x00007ffb73eb6000 	C:\windows\system32\KERNELBASE.dll
0x00007ffb72520000 - 0x00007ffb725ae000 	C:\windows\system32\apphelp.dll
0x00007ffb690c0000 - 0x00007ffb69113000 	C:\windows\AppPatch\AppPatch64\AcGenral.DLL
0x00007ffb74ec0000 - 0x00007ffb74f6a000 	C:\windows\system32\msvcrt.dll
0x00007ffb73d70000 - 0x00007ffb73d9e000 	C:\windows\system32\SspiCli.dll
0x00007ffb75170000 - 0x00007ffb751c4000 	C:\windows\system32\SHLWAPI.dll
0x00007ffb74850000 - 0x00007ffb749c7000 	C:\windows\system32\USER32.dll
0x00007ffb746b0000 - 0x00007ffb74844000 	C:\windows\system32\ole32.dll
0x00007ffb75230000 - 0x00007ffb7675c000 	C:\windows\system32\SHELL32.dll
0x00007ffb72f20000 - 0x00007ffb72f41000 	C:\windows\SYSTEM32\USERENV.dll
0x00007ffb750b0000 - 0x00007ffb7515a000 	C:\windows\system32\ADVAPI32.dll
0x00007ffb64ad0000 - 0x00007ffb64aee000 	C:\windows\SYSTEM32\MPR.dll
0x00007ffb74d20000 - 0x00007ffb74e60000 	C:\windows\system32\RPCRT4.dll
0x00007ffb74e60000 - 0x00007ffb74eb9000 	C:\windows\SYSTEM32\sechost.dll
0x00007ffb74490000 - 0x00007ffb746a2000 	C:\windows\SYSTEM32\combase.dll
0x00007ffb74210000 - 0x00007ffb7435b000 	C:\windows\system32\GDI32.dll
0x00007ffb73960000 - 0x00007ffb73975000 	C:\windows\SYSTEM32\profapi.dll
0x00007ffb72000000 - 0x00007ffb720b2000 	C:\windows\SYSTEM32\SHCORE.dll
0x00007ffb74110000 - 0x00007ffb74146000 	C:\windows\system32\IMM32.DLL
0x00007ffb74bc0000 - 0x00007ffb74d11000 	C:\windows\system32\MSCTF.dll
0x00007ffb713a0000 - 0x00007ffb7161b000 	C:\windows\WinSxS\amd64_microsoft.windows.common-controls_6595b64144ccf1df_6.0.9600.18006_none_623f33d3ecbe86e8\COMCTL32.dll
0x0000000063970000 - 0x0000000063a42000 	C:\Program Files\Java\jdk8\jre\bin\msvcr100.dll
0x0000000063c50000 - 0x00000000644d3000 	C:\Program Files\Java\jdk8\jre\bin\server\jvm.dll
0x00007ffb6a810000 - 0x00007ffb6a819000 	C:\windows\SYSTEM32\WSOCK32.dll
0x00007ffb6e9c0000 - 0x00007ffb6e9e2000 	C:\windows\SYSTEM32\WINMM.dll
0x00007ffb6d8b0000 - 0x00007ffb6d8ba000 	C:\windows\SYSTEM32\VERSION.dll
0x00007ffb74bb0000 - 0x00007ffb74bb7000 	C:\windows\system32\PSAPI.DLL
0x00007ffb74360000 - 0x00007ffb743ba000 	C:\windows\system32\WS2_32.dll
0x00007ffb6e810000 - 0x00007ffb6e83a000 	C:\windows\SYSTEM32\WINMMBASE.dll
0x00007ffb75160000 - 0x00007ffb75169000 	C:\windows\system32\NSI.dll
0x00007ffb73cc0000 - 0x00007ffb73d0f000 	C:\windows\SYSTEM32\cfgmgr32.dll
0x00007ffb72770000 - 0x00007ffb72798000 	C:\windows\SYSTEM32\DEVOBJ.dll
0x0000000064690000 - 0x000000006469f000 	C:\Program Files\Java\jdk8\jre\bin\verify.dll
0x0000000064660000 - 0x0000000064689000 	C:\Program Files\Java\jdk8\jre\bin\java.dll
0x0000000064640000 - 0x0000000064656000 	C:\Program Files\Java\jdk8\jre\bin\zip.dll
0x00007ffb6bb70000 - 0x00007ffb6bcf9000 	C:\windows\SYSTEM32\dbghelp.dll

VM Arguments:
jvm_args: -Djava.awt.headless=true -Xmx1024M -Dfile.encoding=windows-1255 -Duser.country=US -Duser.language=en -Duser.variant 
java_command: com.android.dx.command.Main --dex --num-threads=4 --output C:\Users\User\Desktop\final_working\Searcho-js-server-and-app\Searcho-Project\app\build\intermediates\pre-dexed\debug\com.android.support-support-v4-23.1.1_e3c57fb4481c07a033943cfde38215b1fb6c2827.jar C:\Users\User\Desktop\final_working\Searcho-js-server-and-app\Searcho-Project\app\build\intermediates\exploded-aar\com.android.support\support-v4\23.1.1\jars\classes.jar
java_class_path (initial): C:\Users\User\AppData\Local\Android\sdk\build-tools\23.0.3\lib\dx.jar
Launcher Type: SUN_STANDARD

Environment Variables:
JAVA_HOME=C:\Program Files\Java\jdk8
USERNAME=Manuel
OS=Windows_NT
PROCESSOR_IDENTIFIER=Intel64 Family 6 Model 61 Stepping 4, GenuineIntel



---------------  S Y S T E M  ---------------

OS: Windows 8.1 , 64 bit Build 9600 (6.3.9600.17415)

CPU:total 4 (2 cores per cpu, 2 threads per core) family 6 model 61 stepping 4, cmov, cx8, fxsr, mmx, sse, sse2, sse3, ssse3, sse4.1, sse4.2, popcnt, avx, avx2, aes, clmul, erms, 3dnowpref, lzcnt, ht, tsc, tscinvbit, bmi1, bmi2, adx

Memory: 4k page, physical 8277100k(1102424k free), swap 8277100k(5100k free)

vm_info: Java HotSpot(TM) 64-Bit Server VM (25.45-b02) for windows-amd64 JRE (1.8.0_45-b15), built on Apr 30 2015 12:40:44 by "java_re" with MS VC++ 10.0 (VS2010)

time: Fri Jun 29 08:43:17 2018
elapsed time: 9 seconds (0d 0h 0m 9s)

