#
# There is insufficient memory for the Java Runtime Environment to continue.
# Native memory allocation (malloc) failed to allocate 1048576 bytes for AllocateHeap
# Possible reasons:
#   The system is out of physical RAM or swap space
#   In 32 bit mode, the process size limit was hit
# Possible solutions:
#   Reduce memory load on the system
#   Increase physical memory or swap space
#   Check if swap backing store is full
#   Use 64 bit Java on a 64 bit OS
#   Decrease Java heap size (-Xmx/-Xms)
#   Decrease number of Java threads
#   Decrease Java thread stack sizes (-Xss)
#   Set larger code cache with -XX:ReservedCodeCacheSize=
# This output file may be truncated or incomplete.
#
#  Out of Memory Error (memory/allocation.inline.hpp:61), pid=8292, tid=9192
#
# JRE version:  (8.0_45-b15) (build )
# Java VM: Java HotSpot(TM) 64-Bit Server VM (25.45-b02 mixed mode windows-amd64 compressed oops)
# Failed to write core dump. Minidumps are not enabled by default on client versions of Windows
#

---------------  T H R E A D  ---------------

Current thread (0x00000000004ad800):  JavaThread "Unknown thread" [_thread_in_vm, id=9192, stack(0x0000000001c50000,0x0000000001d50000)]

Stack: [0x0000000001c50000,0x0000000001d50000]
Native frames: (J=compiled Java code, j=interpreted, Vv=VM code, C=native code)
V  [jvm.dll+0x32b57a]
V  [jvm.dll+0x279873]
V  [jvm.dll+0x27a509]
V  [jvm.dll+0x271825]
V  [jvm.dll+0x1606]
V  [jvm.dll+0x270892]
V  [jvm.dll+0x3eee4a]
V  [jvm.dll+0x3ea7a7]
V  [jvm.dll+0xf2cf2]
V  [jvm.dll+0x20f0c9]
V  [jvm.dll+0x240e0a]
V  [jvm.dll+0x15ba41]
C  [java.exe+0x216e]
C  [java.exe+0xcce7]
C  [java.exe+0xcd7b]
C  [KERNEL32.DLL+0x13d2]
C  [ntdll.dll+0x154f4]


---------------  P R O C E S S  ---------------

Java Threads: ( => current thread )

Other Threads:

=>0x00000000004ad800 (exited) JavaThread "Unknown thread" [_thread_in_vm, id=9192, stack(0x0000000001c50000,0x0000000001d50000)]

VM state:not at safepoint (normal execution)

VM Mutex/Monitor currently owned by a thread: None

Heap:
 PSYoungGen      total 38400K, used 665K [0x00000000eab00000, 0x00000000ed580000, 0x0000000100000000)
  eden space 33280K, 2% used [0x00000000eab00000,0x00000000eaba6670,0x00000000ecb80000)
  from space 5120K, 0% used [0x00000000ed080000,0x00000000ed080000,0x00000000ed580000)
  to   space 5120K, 0% used [0x00000000ecb80000,0x00000000ecb80000,0x00000000ed080000)
 ParOldGen       total 87552K, used 0K [0x00000000c0000000, 0x00000000c5580000, 0x00000000eab00000)
  object space 87552K, 0% used [0x00000000c0000000,0x00000000c0000000,0x00000000c5580000)
 Metaspace       used 766K, capacity 4480K, committed 4480K, reserved 1056768K
  class space    used 75K, capacity 384K, committed 384K, reserved 1048576K

Card table byte_map: [0x00000000112e0000,0x00000000114f0000] byte_map_base: 0x0000000010ce0000

Marking Bits: (ParMarkBitMap*) 0x0000000051a24040
 Begin Bits: [0x0000000011a50000, 0x0000000012a50000)
 End Bits:   [0x0000000012a50000, 0x0000000013a50000)

Polling page: 0x0000000000430000

CodeCache: size=245760Kb used=328Kb max_used=328Kb free=245431Kb
 bounds [0x0000000001f20000, 0x0000000002190000, 0x0000000010f20000]
 total_blobs=57 nmethods=0 adapters=37
 compilation: enabled

Compilation events (0 events):
No events

GC Heap History (0 events):
No events

Deoptimization events (0 events):
No events

Internal exceptions (0 events):
No events

Events (10 events):
Event: 0.038 loading class java/lang/Short
Event: 0.038 loading class java/lang/Short done
Event: 0.038 loading class java/lang/Integer
Event: 0.038 loading class java/lang/Integer done
Event: 0.038 loading class java/lang/Long
Event: 0.038 loading class java/lang/Long done
Event: 0.041 loading class java/lang/NullPointerException
Event: 0.041 loading class java/lang/NullPointerException done
Event: 0.041 loading class java/lang/ArithmeticException
Event: 0.041 loading class java/lang/ArithmeticException done


Dynamic libraries:
0x00007ff748d20000 - 0x00007ff748d57000 	C:\Program Files\Java\jdk8\bin\java.exe
0x00007ffe634c0000 - 0x00007ffe6366d000 	C:\windows\SYSTEM32\ntdll.dll
0x00007ffe62f90000 - 0x00007ffe630ce000 	C:\windows\system32\KERNEL32.DLL
0x00007ffe606f0000 - 0x00007ffe60805000 	C:\windows\system32\KERNELBASE.dll
0x00007ffe5f080000 - 0x00007ffe5f10e000 	C:\windows\system32\apphelp.dll
0x00007ffe38fa0000 - 0x00007ffe38ff3000 	C:\windows\AppPatch\AppPatch64\AcGenral.DLL
0x00007ffe63190000 - 0x00007ffe6323a000 	C:\windows\system32\msvcrt.dll
0x00007ffe606c0000 - 0x00007ffe606ee000 	C:\windows\system32\SspiCli.dll
0x00007ffe62ae0000 - 0x00007ffe62b34000 	C:\windows\system32\SHLWAPI.dll
0x00007ffe612f0000 - 0x00007ffe61467000 	C:\windows\system32\USER32.dll
0x00007ffe60f20000 - 0x00007ffe610b4000 	C:\windows\system32\ole32.dll
0x00007ffe61470000 - 0x00007ffe6299c000 	C:\windows\system32\SHELL32.dll
0x00007ffe5fbb0000 - 0x00007ffe5fbd1000 	C:\windows\SYSTEM32\USERENV.dll
0x00007ffe62d20000 - 0x00007ffe62dca000 	C:\windows\system32\ADVAPI32.dll
0x00007ffe56210000 - 0x00007ffe5622e000 	C:\windows\SYSTEM32\MPR.dll
0x00007ffe629a0000 - 0x00007ffe62ae0000 	C:\windows\system32\RPCRT4.dll
0x00007ffe60ec0000 - 0x00007ffe60f19000 	C:\windows\SYSTEM32\sechost.dll
0x00007ffe610c0000 - 0x00007ffe612d2000 	C:\windows\SYSTEM32\combase.dll
0x00007ffe60d70000 - 0x00007ffe60ebb000 	C:\windows\system32\GDI32.dll
0x00007ffe605f0000 - 0x00007ffe60605000 	C:\windows\SYSTEM32\profapi.dll
0x00007ffe5ea10000 - 0x00007ffe5eac2000 	C:\windows\SYSTEM32\SHCORE.dll
0x00007ffe60cb0000 - 0x00007ffe60ce6000 	C:\windows\system32\IMM32.DLL
0x00007ffe60b50000 - 0x00007ffe60ca1000 	C:\windows\system32\MSCTF.dll
0x00007ffe5e370000 - 0x00007ffe5e5eb000 	C:\windows\WinSxS\amd64_microsoft.windows.common-controls_6595b64144ccf1df_6.0.9600.18006_none_623f33d3ecbe86e8\COMCTL32.dll
0x0000000050c00000 - 0x0000000050cd2000 	C:\Program Files\Java\jdk8\jre\bin\msvcr100.dll
0x0000000051220000 - 0x0000000051aa3000 	C:\Program Files\Java\jdk8\jre\bin\server\jvm.dll
0x00007ffe5d380000 - 0x00007ffe5d389000 	C:\windows\SYSTEM32\WSOCK32.dll
0x00007ffe5e040000 - 0x00007ffe5e062000 	C:\windows\SYSTEM32\WINMM.dll
0x00007ffe5f880000 - 0x00007ffe5f88a000 	C:\windows\SYSTEM32\VERSION.dll
0x00007ffe60d50000 - 0x00007ffe60d57000 	C:\windows\system32\PSAPI.DLL
0x00007ffe60cf0000 - 0x00007ffe60d4a000 	C:\windows\system32\WS2_32.dll
0x00007ffe5e010000 - 0x00007ffe5e03a000 	C:\windows\SYSTEM32\WINMMBASE.dll
0x00007ffe62f80000 - 0x00007ffe62f89000 	C:\windows\system32\NSI.dll
0x00007ffe609f0000 - 0x00007ffe60a3f000 	C:\windows\SYSTEM32\cfgmgr32.dll
0x00007ffe5f2f0000 - 0x00007ffe5f318000 	C:\windows\SYSTEM32\DEVOBJ.dll
0x0000000051210000 - 0x000000005121f000 	C:\Program Files\Java\jdk8\jre\bin\verify.dll
0x00000000511e0000 - 0x0000000051209000 	C:\Program Files\Java\jdk8\jre\bin\java.dll
0x00000000511c0000 - 0x00000000511d6000 	C:\Program Files\Java\jdk8\jre\bin\zip.dll
0x00007ffe588b0000 - 0x00007ffe58a39000 	C:\windows\SYSTEM32\dbghelp.dll

VM Arguments:
jvm_args: -Djava.awt.headless=true -Xmx1024M -Dfile.encoding=windows-1255 -Duser.country=US -Duser.language=en -Duser.variant 
java_command: com.android.dx.command.Main --dex --num-threads=4 --output C:\Users\User\Desktop\fromGit\Searcho-Project\app\build\intermediates\pre-dexed\debug\support-annotations-23.1.1_3e801f2c585276f3f273a9825aabeda71442f872.jar C:\Users\User\AppData\Local\Android\sdk\extras\android\m2repository\com\android\support\support-annotations\23.1.1\support-annotations-23.1.1.jar
java_class_path (initial): C:\Users\User\AppData\Local\Android\sdk\build-tools\23.0.3\lib\dx.jar
Launcher Type: SUN_STANDARD

Environment Variables:
JAVA_HOME=C:\Program Files\Java\jdk8
PATH=C:\ProgramData\Oracle\Java\javapath;C:\Program Files (x86)\Intel\iCLS Client\;C:\Program Files\Intel\iCLS Client\;C:\windows\system32;C:\windows;C:\windows\System32\Wbem;C:\windows\System32\WindowsPowerShell\v1.0\;C:\Program Files\Intel\Intel(R) Management Engine Components\DAL;C:\Program Files (x86)\Intel\Intel(R) Management Engine Components\DAL;C:\Program Files\Intel\Intel(R) Management Engine Components\IPT;C:\Program Files (x86)\Intel\Intel(R) Management Engine Components\IPT;C:\Program Files\Microsoft SQL Server\110\Tools\Binn\;C:\Program Files (x86)\Microsoft SDKs\TypeScript\1.0\;C:\Program Files\Microsoft SQL Server\120\Tools\Binn\;C:\Program Files (x86)\Windows Kits\8.1\Windows Performance Toolkit\;C:\MinGW\bin;\;C:\Program Files\Java\jdk8\bin;C:\Program Files\Git\cmd\;C:\OpenCV\build;C:\Python27\;C:\Program Files (x86)\Skype\Phone\;C:\Program Files\PuTTY\;C:\ProgramData\Oracle\Java\javapath;C:\Program Files (x86)\Intel\iCLS Client\;C:\Program Files\Intel\iCLS Client\;C:\windows\system32;C:\windows;C:\windows\System32\Wbem;C:\windows\System32\WindowsPowerShell\v1.0\;C:\Program Files\Intel\Intel(R) Management Engine Components\DAL;C:\Program Files (x86)\Intel\Intel(R) Management Engine Components\DAL;C:\Program Files\Intel\Intel(R) Management Engine Components\IPT;C:\Program Files (x86)\Intel\Intel(R) Management Engine Components\IPT;C:\Program Files\Microsoft SQL Server\110\Tools\Binn\;C:\Program Files (x86)\Microsoft SDKs\TypeScript\1.0\;C:\Program Files\Microsoft SQL Server\120\Tools\Binn\;C:\Program Files (x86)\Windows Kits\8.1\Windows Performance Toolkit\;C:\MinGW\bin;\;C:\Program Files\Java\jdk8\bin;C:\Program Files\Git\cmd\;C:\OpenCV\build;C:\Python27\;C:\Program Files (x86)\Skype\Phone\;C:\Program Files\PuTTY\;;C:\Users\User\AppData\Local\Google\Cloud SDK\google-cloud-sdk\bin;C:\Users\User\AppData\Local\Programs\Python\Python36-32\Scripts
USERNAME=Manuel
OS=Windows_NT
PROCESSOR_IDENTIFIER=Intel64 Family 6 Model 61 Stepping 4, GenuineIntel



---------------  S Y S T E M  ---------------

OS: Windows 8.1 , 64 bit Build 9600 (6.3.9600.17415)

CPU:total 4 (2 cores per cpu, 2 threads per core) family 6 model 61 stepping 4, cmov, cx8, fxsr, mmx, sse, sse2, sse3, ssse3, sse4.1, sse4.2, popcnt, avx, avx2, aes, clmul, erms, 3dnowpref, lzcnt, ht, tsc, tscinvbit, bmi1, bmi2, adx

Memory: 4k page, physical 8277100k(1116904k free), swap 8277100k(52180k free)

vm_info: Java HotSpot(TM) 64-Bit Server VM (25.45-b02) for windows-amd64 JRE (1.8.0_45-b15), built on Apr 30 2015 12:40:44 by "java_re" with MS VC++ 10.0 (VS2010)

time: Tue Feb 13 21:28:07 2018
elapsed time: 0 seconds (0d 0h 0m 0s)

